g:\microsoft visual studio\workspace\pat\pat\debug\vc141.pdb
g:\microsoft visual studio\workspace\pat\pat\debug\vc141.idb
g:\microsoft visual studio\workspace\pat\pat\debug\1001.obj
g:\microsoft visual studio\workspace\pat\pat\debug\1002-2.obj
g:\microsoft visual studio\workspace\pat\pat\debug\1002.obj
g:\microsoft visual studio\workspace\pat\pat\debug\1001-2.obj
g:\microsoft visual studio\workspace\pat\pat\debug\1003-2.obj
g:\microsoft visual studio\workspace\pat\pat\debug\1004-2.obj
g:\microsoft visual studio\workspace\pat\pat\debug\1005-2.3.obj
g:\microsoft visual studio\workspace\pat\pat\debug\1006-2.obj
g:\microsoft visual studio\workspace\pat\pat\debug\1007-2.obj
g:\microsoft visual studio\workspace\pat\pat\debug\1008-2.obj
g:\microsoft visual studio\workspace\pat\pat\debug\test.obj
g:\microsoft visual studio\workspace\pat\pat\debug\1009-2.obj
g:\microsoft visual studio\workspace\pat\pat\debug\1010-2.obj
g:\microsoft visual studio\workspace\pat\pat\debug\1011-2.obj
g:\microsoft visual studio\workspace\pat\pat\debug\1012-2.obj
g:\microsoft visual studio\workspace\pat\pat\debug\1013-2.obj
g:\microsoft visual studio\workspace\pat\pat\debug\1014-2.obj
g:\microsoft visual studio\workspace\pat\pat\debug\1015-2.obj
g:\microsoft visual studio\workspace\pat\pat\debug\1016-2.obj
g:\microsoft visual studio\workspace\pat\pat\debug\1017-2.obj
g:\microsoft visual studio\workspace\pat\pat\debug\1018-2.obj
g:\microsoft visual studio\workspace\pat\pat\debug\1019-2.obj
g:\microsoft visual studio\workspace\pat\pat\debug\1020-2.obj
g:\microsoft visual studio\workspace\pat\pat\debug\1021-2.obj
g:\microsoft visual studio\workspace\pat\pat\debug\1022-2.obj
g:\microsoft visual studio\workspace\pat\pat\debug\1023-2.obj
g:\microsoft visual studio\workspace\pat\pat\debug\1024-2.obj
g:\microsoft visual studio\workspace\pat\pat\debug\ljj.obj
g:\microsoft visual studio\workspace\pat\pat\debug\1026-2.obj
g:\microsoft visual studio\workspace\pat\pat\debug\1027-2.obj
g:\microsoft visual studio\workspace\pat\pat\debug\1028-2.obj
g:\microsoft visual studio\workspace\pat\debug\pat.exe
g:\microsoft visual studio\workspace\pat\debug\pat.ilk
g:\microsoft visual studio\workspace\pat\debug\pat.pdb
g:\microsoft visual studio\workspace\pat\pat\debug\1015-2.obj.enc
g:\microsoft visual studio\workspace\pat\pat\debug\1023-2.obj.enc
g:\microsoft visual studio\workspace\pat\pat\debug\pat.tlog\cl.command.1.tlog
g:\microsoft visual studio\workspace\pat\pat\debug\pat.tlog\cl.read.1.tlog
g:\microsoft visual studio\workspace\pat\pat\debug\pat.tlog\cl.write.1.tlog
g:\microsoft visual studio\workspace\pat\pat\debug\pat.tlog\link.command.1.tlog
g:\microsoft visual studio\workspace\pat\pat\debug\pat.tlog\link.read.1.tlog
g:\microsoft visual studio\workspace\pat\pat\debug\pat.tlog\link.write.1.tlog
